{"D:\\2DEV - Vini\\TSOF - 2026\\notificacoes-api-w\\notificacoes-api-w\\src\\errors\\AppError.js": {"path":"D:\\2DEV - Vini\\TSOF - 2026\\notificacoes-api-w\\notificacoes-api-w\\src\\errors\\AppError.js","statementMap":{"0":{"start":{"line":5,"column":4},"end":{"line":5,"column":20}},"1":{"start":{"line":6,"column":4},"end":{"line":6,"column":33}},"2":{"start":{"line":7,"column":4},"end":{"line":7,"column":27}},"3":{"start":{"line":13,"column":4},"end":{"line":13,"column":47}},"4":{"start":{"line":14,"column":4},"end":{"line":14,"column":32}},"5":{"start":{"line":20,"column":4},"end":{"line":20,"column":25}},"6":{"start":{"line":21,"column":4},"end":{"line":21,"column":34}},"7":{"start":{"line":27,"column":4},"end":{"line":27,"column":25}},"8":{"start":{"line":28,"column":4},"end":{"line":28,"column":36}},"9":{"start":{"line":32,"column":0},"end":{"line":37,"column":2}}},"fnMap":{"0":{"name":"(anonymous_0)","decl":{"start":{"line":4,"column":2},"end":{"line":4,"column":3}},"loc":{"start":{"line":4,"column":36},"end":{"line":8,"column":3}},"line":4},"1":{"name":"(anonymous_1)","decl":{"start":{"line":12,"column":2},"end":{"line":12,"column":3}},"loc":{"start":{"line":12,"column":35},"end":{"line":15,"column":3}},"line":12},"2":{"name":"(anonymous_2)","decl":{"start":{"line":19,"column":2},"end":{"line":19,"column":3}},"loc":{"start":{"line":19,"column":24},"end":{"line":22,"column":3}},"line":19},"3":{"name":"(anonymous_3)","decl":{"start":{"line":26,"column":2},"end":{"line":26,"column":3}},"loc":{"start":{"line":26,"column":43},"end":{"line":29,"column":3}},"line":26}},"branchMap":{"0":{"loc":{"start":{"line":12,"column":14},"end":{"line":12,"column":33}},"type":"default-arg","locations":[{"start":{"line":12,"column":24},"end":{"line":12,"column":33}}],"line":12},"1":{"loc":{"start":{"line":26,"column":14},"end":{"line":26,"column":41}},"type":"default-arg","locations":[{"start":{"line":26,"column":25},"end":{"line":26,"column":41}}],"line":26}},"s":{"0":1,"1":1,"2":1,"3":0,"4":0,"5":1,"6":1,"7":0,"8":0,"9":1},"f":{"0":1,"1":0,"2":1,"3":0},"b":{"0":[0],"1":[0]},"_coverageSchema":"1a1c01bbd47fc00a2c39e90264f33305004495a9","hash":"da9f159fb8ce7fd9217bbf15a2d2d4b327f59953"}
,"D:\\2DEV - Vini\\TSOF - 2026\\notificacoes-api-w\\notificacoes-api-w\\src\\helpers\\parseId.js": {"path":"D:\\2DEV - Vini\\TSOF - 2026\\notificacoes-api-w\\notificacoes-api-w\\src\\helpers\\parseId.js","statementMap":{"0":{"start":{"line":2,"column":28},"end":{"line":2,"column":57}},"1":{"start":{"line":5,"column":13},"end":{"line":5,"column":28}},"2":{"start":{"line":6,"column":2},"end":{"line":8,"column":3}},"3":{"start":{"line":7,"column":4},"end":{"line":7,"column":62}},"4":{"start":{"line":9,"column":2},"end":{"line":9,"column":12}},"5":{"start":{"line":12,"column":0},"end":{"line":12,"column":25}}},"fnMap":{"0":{"name":"parseId","decl":{"start":{"line":4,"column":9},"end":{"line":4,"column":16}},"loc":{"start":{"line":4,"column":24},"end":{"line":10,"column":1}},"line":4}},"branchMap":{"0":{"loc":{"start":{"line":6,"column":2},"end":{"line":8,"column":3}},"type":"if","locations":[{"start":{"line":6,"column":2},"end":{"line":8,"column":3}},{"start":{},"end":{}}],"line":6}},"s":{"0":1,"1":2,"2":2,"3":1,"4":1,"5":1},"f":{"0":2},"b":{"0":[1,1]},"_coverageSchema":"1a1c01bbd47fc00a2c39e90264f33305004495a9","hash":"a9a388fa1986354cc02e3f5ff35e70175c1ec902"}
,"D:\\2DEV - Vini\\TSOF - 2026\\notificacoes-api-w\\notificacoes-api-w\\src\\helpers\\validators.js": {"path":"D:\\2DEV - Vini\\TSOF - 2026\\notificacoes-api-w\\notificacoes-api-w\\src\\helpers\\validators.js","statementMap":{"0":{"start":{"line":7,"column":2},"end":{"line":9,"column":3}},"1":{"start":{"line":8,"column":4},"end":{"line":8,"column":40}},"2":{"start":{"line":10,"column":2},"end":{"line":12,"column":3}},"3":{"start":{"line":11,"column":4},"end":{"line":11,"column":45}},"4":{"start":{"line":13,"column":2},"end":{"line":13,"column":14}},"5":{"start":{"line":20,"column":2},"end":{"line":20,"column":26}},"6":{"start":{"line":20,"column":14},"end":{"line":20,"column":26}},"7":{"start":{"line":21,"column":16},"end":{"line":21,"column":44}},"8":{"start":{"line":22,"column":2},"end":{"line":24,"column":3}},"9":{"start":{"line":23,"column":4},"end":{"line":23,"column":29}},"10":{"start":{"line":25,"column":2},"end":{"line":25,"column":14}},"11":{"start":{"line":32,"column":2},"end":{"line":32,"column":57}},"12":{"start":{"line":32,"column":45},"end":{"line":32,"column":57}},"13":{"start":{"line":33,"column":2},"end":{"line":35,"column":3}},"14":{"start":{"line":34,"column":4},"end":{"line":34,"column":62}},"15":{"start":{"line":36,"column":2},"end":{"line":36,"column":14}},"16":{"start":{"line":43,"column":2},"end":{"line":43,"column":26}},"17":{"start":{"line":43,"column":14},"end":{"line":43,"column":26}},"18":{"start":{"line":44,"column":2},"end":{"line":46,"column":3}},"19":{"start":{"line":45,"column":4},"end":{"line":45,"column":64}},"20":{"start":{"line":47,"column":2},"end":{"line":47,"column":14}},"21":{"start":{"line":54,"column":16},"end":{"line":54,"column":58}},"22":{"start":{"line":54,"column":44},"end":{"line":54,"column":57}},"23":{"start":{"line":55,"column":2},"end":{"line":55,"column":41}},"24":{"start":{"line":58,"column":0},"end":{"line":64,"column":2}}},"fnMap":{"0":{"name":"isRequired","decl":{"start":{"line":6,"column":9},"end":{"line":6,"column":19}},"loc":{"start":{"line":6,"column":38},"end":{"line":14,"column":1}},"line":6},"1":{"name":"isEmail","decl":{"start":{"line":19,"column":9},"end":{"line":19,"column":16}},"loc":{"start":{"line":19,"column":24},"end":{"line":26,"column":1}},"line":19},"2":{"name":"isPositiveInteger","decl":{"start":{"line":31,"column":9},"end":{"line":31,"column":26}},"loc":{"start":{"line":31,"column":45},"end":{"line":37,"column":1}},"line":31},"3":{"name":"minLength","decl":{"start":{"line":42,"column":9},"end":{"line":42,"column":18}},"loc":{"start":{"line":42,"column":42},"end":{"line":48,"column":1}},"line":42},"4":{"name":"validar","decl":{"start":{"line":53,"column":9},"end":{"line":53,"column":16}},"loc":{"start":{"line":53,"column":29},"end":{"line":56,"column":1}},"line":53},"5":{"name":"(anonymous_5)","decl":{"start":{"line":54,"column":34},"end":{"line":54,"column":35}},"loc":{"start":{"line":54,"column":44},"end":{"line":54,"column":57}},"line":54}},"branchMap":{"0":{"loc":{"start":{"line":7,"column":2},"end":{"line":9,"column":3}},"type":"if","locations":[{"start":{"line":7,"column":2},"end":{"line":9,"column":3}},{"start":{},"end":{}}],"line":7},"1":{"loc":{"start":{"line":7,"column":6},"end":{"line":7,"column":43}},"type":"binary-expr","locations":[{"start":{"line":7,"column":6},"end":{"line":7,"column":25}},{"start":{"line":7,"column":29},"end":{"line":7,"column":43}}],"line":7},"2":{"loc":{"start":{"line":10,"column":2},"end":{"line":12,"column":3}},"type":"if","locations":[{"start":{"line":10,"column":2},"end":{"line":12,"column":3}},{"start":{},"end":{}}],"line":10},"3":{"loc":{"start":{"line":10,"column":6},"end":{"line":10,"column":54}},"type":"binary-expr","locations":[{"start":{"line":10,"column":6},"end":{"line":10,"column":31}},{"start":{"line":10,"column":35},"end":{"line":10,"column":54}}],"line":10},"4":{"loc":{"start":{"line":20,"column":2},"end":{"line":20,"column":26}},"type":"if","locations":[{"start":{"line":20,"column":2},"end":{"line":20,"column":26}},{"start":{},"end":{}}],"line":20},"5":{"loc":{"start":{"line":22,"column":2},"end":{"line":24,"column":3}},"type":"if","locations":[{"start":{"line":22,"column":2},"end":{"line":24,"column":3}},{"start":{},"end":{}}],"line":22},"6":{"loc":{"start":{"line":32,"column":2},"end":{"line":32,"column":57}},"type":"if","locations":[{"start":{"line":32,"column":2},"end":{"line":32,"column":57}},{"start":{},"end":{}}],"line":32},"7":{"loc":{"start":{"line":32,"column":6},"end":{"line":32,"column":43}},"type":"binary-expr","locations":[{"start":{"line":32,"column":6},"end":{"line":32,"column":25}},{"start":{"line":32,"column":29},"end":{"line":32,"column":43}}],"line":32},"8":{"loc":{"start":{"line":33,"column":2},"end":{"line":35,"column":3}},"type":"if","locations":[{"start":{"line":33,"column":2},"end":{"line":35,"column":3}},{"start":{},"end":{}}],"line":33},"9":{"loc":{"start":{"line":33,"column":6},"end":{"line":33,"column":44}},"type":"binary-expr","locations":[{"start":{"line":33,"column":6},"end":{"line":33,"column":30}},{"start":{"line":33,"column":34},"end":{"line":33,"column":44}}],"line":33},"10":{"loc":{"start":{"line":43,"column":2},"end":{"line":43,"column":26}},"type":"if","locations":[{"start":{"line":43,"column":2},"end":{"line":43,"column":26}},{"start":{},"end":{}}],"line":43},"11":{"loc":{"start":{"line":44,"column":2},"end":{"line":46,"column":3}},"type":"if","locations":[{"start":{"line":44,"column":2},"end":{"line":46,"column":3}},{"start":{},"end":{}}],"line":44},"12":{"loc":{"start":{"line":44,"column":6},"end":{"line":44,"column":60}},"type":"binary-expr","locations":[{"start":{"line":44,"column":6},"end":{"line":44,"column":31}},{"start":{"line":44,"column":35},"end":{"line":44,"column":60}}],"line":44},"13":{"loc":{"start":{"line":55,"column":9},"end":{"line":55,"column":40}},"type":"cond-expr","locations":[{"start":{"line":55,"column":28},"end":{"line":55,"column":33}},{"start":{"line":55,"column":36},"end":{"line":55,"column":40}}],"line":55}},"s":{"0":0,"1":0,"2":0,"3":0,"4":0,"5":2,"6":0,"7":2,"8":2,"9":1,"10":1,"11":0,"12":0,"13":0,"14":0,"15":0,"16":1,"17":0,"18":1,"19":0,"20":1,"21":0,"22":0,"23":0,"24":1},"f":{"0":0,"1":2,"2":0,"3":1,"4":0,"5":0},"b":{"0":[0,0],"1":[0,0],"2":[0,0],"3":[0,0],"4":[0,2],"5":[1,1],"6":[0,0],"7":[0,0],"8":[0,0],"9":[0,0],"10":[0,1],"11":[0,1],"12":[1,1],"13":[0,0]},"_coverageSchema":"1a1c01bbd47fc00a2c39e90264f33305004495a9","hash":"e25896462b8bd6e03e95a6836f55a7b8ab8da583"}
,"D:\\2DEV - Vini\\TSOF - 2026\\notificacoes-api-w\\notificacoes-api-w\\src\\services\\AuthService.js": {"path":"D:\\2DEV - Vini\\TSOF - 2026\\notificacoes-api-w\\notificacoes-api-w\\src\\services\\AuthService.js","statementMap":{"0":{"start":{"line":1,"column":12},"end":{"line":1,"column":35}},"1":{"start":{"line":2,"column":15},"end":{"line":2,"column":34}},"2":{"start":{"line":3,"column":20},"end":{"line":3,"column":40}},"3":{"start":{"line":4,"column":47},"end":{"line":4,"column":76}},"4":{"start":{"line":7,"column":33},"end":{"line":7,"column":38}},"5":{"start":{"line":9,"column":2},"end":{"line":11,"column":3}},"6":{"start":{"line":10,"column":4},"end":{"line":10,"column":72}},"7":{"start":{"line":13,"column":20},"end":{"line":13,"column":48}},"8":{"start":{"line":15,"column":18},"end":{"line":15,"column":73}},"9":{"start":{"line":18,"column":2},"end":{"line":18,"column":70}},"10":{"start":{"line":22,"column":18},"end":{"line":22,"column":61}},"11":{"start":{"line":25,"column":2},"end":{"line":25,"column":73}},"12":{"start":{"line":25,"column":16},"end":{"line":25,"column":73}},"13":{"start":{"line":27,"column":23},"end":{"line":27,"column":65}},"14":{"start":{"line":28,"column":2},"end":{"line":28,"column":78}},"15":{"start":{"line":28,"column":21},"end":{"line":28,"column":78}},"16":{"start":{"line":30,"column":16},"end":{"line":34,"column":3}},"17":{"start":{"line":36,"column":2},"end":{"line":39,"column":4}},"18":{"start":{"line":42,"column":0},"end":{"line":42,"column":38}}},"fnMap":{"0":{"name":"registrar","decl":{"start":{"line":6,"column":15},"end":{"line":6,"column":24}},"loc":{"start":{"line":6,"column":32},"end":{"line":19,"column":1}},"line":6},"1":{"name":"login","decl":{"start":{"line":21,"column":15},"end":{"line":21,"column":20}},"loc":{"start":{"line":21,"column":35},"end":{"line":40,"column":1}},"line":21}},"branchMap":{"0":{"loc":{"start":{"line":9,"column":2},"end":{"line":11,"column":3}},"type":"if","locations":[{"start":{"line":9,"column":2},"end":{"line":11,"column":3}},{"start":{},"end":{}}],"line":9},"1":{"loc":{"start":{"line":9,"column":6},"end":{"line":9,"column":32}},"type":"binary-expr","locations":[{"start":{"line":9,"column":6},"end":{"line":9,"column":12}},{"start":{"line":9,"column":16},"end":{"line":9,"column":32}}],"line":9},"2":{"loc":{"start":{"line":25,"column":2},"end":{"line":25,"column":73}},"type":"if","locations":[{"start":{"line":25,"column":2},"end":{"line":25,"column":73}},{"start":{},"end":{}}],"line":25},"3":{"loc":{"start":{"line":28,"column":2},"end":{"line":28,"column":78}},"type":"if","locations":[{"start":{"line":28,"column":2},"end":{"line":28,"column":78}},{"start":{},"end":{}}],"line":28},"4":{"loc":{"start":{"line":33,"column":17},"end":{"line":33,"column":51}},"type":"binary-expr","locations":[{"start":{"line":33,"column":17},"end":{"line":33,"column":43}},{"start":{"line":33,"column":47},"end":{"line":33,"column":51}}],"line":33}},"s":{"0":0,"1":0,"2":0,"3":0,"4":0,"5":0,"6":0,"7":0,"8":0,"9":0,"10":0,"11":0,"12":0,"13":0,"14":0,"15":0,"16":0,"17":0,"18":0},"f":{"0":0,"1":0},"b":{"0":[0,0],"1":[0,0],"2":[0,0],"3":[0,0],"4":[0,0]}}
,"D:\\2DEV - Vini\\TSOF - 2026\\notificacoes-api-w\\notificacoes-api-w\\src\\services\\EmailService.js": {"path":"D:\\2DEV - Vini\\TSOF - 2026\\notificacoes-api-w\\notificacoes-api-w\\src\\services\\EmailService.js","statementMap":{"0":{"start":{"line":2,"column":19},"end":{"line":2,"column":40}},"1":{"start":{"line":4,"column":18},"end":{"line":4,"column":22}},"2":{"start":{"line":7,"column":21},"end":{"line":7,"column":42}},"3":{"start":{"line":8,"column":21},"end":{"line":8,"column":42}},"4":{"start":{"line":10,"column":27},"end":{"line":10,"column":57}},"5":{"start":{"line":13,"column":2},"end":{"line":18,"column":5}},"6":{"start":{"line":21,"column":2},"end":{"line":30,"column":3}},"7":{"start":{"line":22,"column":4},"end":{"line":22,"column":31}},"8":{"start":{"line":23,"column":4},"end":{"line":23,"column":63}},"9":{"start":{"line":24,"column":4},"end":{"line":24,"column":52}},"10":{"start":{"line":25,"column":4},"end":{"line":25,"column":76}},"11":{"start":{"line":26,"column":4},"end":{"line":26,"column":63}},"12":{"start":{"line":28,"column":4},"end":{"line":28,"column":71}},"13":{"start":{"line":29,"column":4},"end":{"line":29,"column":55}},"14":{"start":{"line":34,"column":2},"end":{"line":36,"column":3}},"15":{"start":{"line":35,"column":4},"end":{"line":35,"column":54}},"16":{"start":{"line":38,"column":15},"end":{"line":43,"column":4}},"17":{"start":{"line":45,"column":2},"end":{"line":45,"column":72}},"18":{"start":{"line":46,"column":2},"end":{"line":46,"column":80}},"19":{"start":{"line":48,"column":2},"end":{"line":51,"column":4}},"20":{"start":{"line":54,"column":0},"end":{"line":54,"column":41}}},"fnMap":{"0":{"name":"inicializar","decl":{"start":{"line":12,"column":15},"end":{"line":12,"column":26}},"loc":{"start":{"line":12,"column":29},"end":{"line":31,"column":1}},"line":12},"1":{"name":"enviar","decl":{"start":{"line":33,"column":15},"end":{"line":33,"column":21}},"loc":{"start":{"line":33,"column":43},"end":{"line":52,"column":1}},"line":33}},"branchMap":{"0":{"loc":{"start":{"line":34,"column":2},"end":{"line":36,"column":3}},"type":"if","locations":[{"start":{"line":34,"column":2},"end":{"line":36,"column":3}},{"start":{},"end":{}}],"line":34}},"s":{"0":0,"1":0,"2":0,"3":0,"4":0,"5":0,"6":0,"7":0,"8":0,"9":0,"10":0,"11":0,"12":0,"13":0,"14":0,"15":0,"16":0,"17":0,"18":0,"19":0,"20":0},"f":{"0":0,"1":0},"b":{"0":[0,0]}}
,"D:\\2DEV - Vini\\TSOF - 2026\\notificacoes-api-w\\notificacoes-api-w\\src\\services\\EventoService.js": {"path":"D:\\2DEV - Vini\\TSOF - 2026\\notificacoes-api-w\\notificacoes-api-w\\src\\services\\EventoService.js","statementMap":{"0":{"start":{"line":1,"column":19},"end":{"line":1,"column":39}},"1":{"start":{"line":2,"column":43},"end":{"line":2,"column":72}},"2":{"start":{"line":11,"column":6},"end":{"line":11,"column":12}},"3":{"start":{"line":14,"column":16},"end":{"line":14,"column":18}},"4":{"start":{"line":15,"column":2},"end":{"line":18,"column":3}},"5":{"start":{"line":16,"column":19},"end":{"line":16,"column":39}},"6":{"start":{"line":17,"column":4},"end":{"line":17,"column":45}},"7":{"start":{"line":21,"column":26},"end":{"line":26,"column":4}},"8":{"start":{"line":28,"column":2},"end":{"line":34,"column":4}},"9":{"start":{"line":38,"column":17},"end":{"line":38,"column":37}},"10":{"start":{"line":40,"column":18},"end":{"line":48,"column":4}},"11":{"start":{"line":50,"column":2},"end":{"line":50,"column":17}},"12":{"start":{"line":54,"column":17},"end":{"line":54,"column":42}},"13":{"start":{"line":56,"column":2},"end":{"line":58,"column":3}},"14":{"start":{"line":57,"column":4},"end":{"line":57,"column":38}},"15":{"start":{"line":60,"column":2},"end":{"line":60,"column":16}},"16":{"start":{"line":64,"column":2},"end":{"line":74,"column":3}},"17":{"start":{"line":65,"column":23},"end":{"line":65,"column":49}},"18":{"start":{"line":66,"column":4},"end":{"line":66,"column":22}},"19":{"start":{"line":69,"column":4},"end":{"line":72,"column":5}},"20":{"start":{"line":70,"column":24},"end":{"line":70,"column":68}},"21":{"start":{"line":70,"column":47},"end":{"line":70,"column":56}},"22":{"start":{"line":71,"column":6},"end":{"line":71,"column":43}},"23":{"start":{"line":73,"column":4},"end":{"line":73,"column":15}},"24":{"start":{"line":78,"column":17},"end":{"line":78,"column":42}},"25":{"start":{"line":80,"column":2},"end":{"line":82,"column":3}},"26":{"start":{"line":81,"column":4},"end":{"line":81,"column":38}},"27":{"start":{"line":84,"column":2},"end":{"line":93,"column":3}},"28":{"start":{"line":85,"column":4},"end":{"line":85,"column":31}},"29":{"start":{"line":86,"column":4},"end":{"line":86,"column":18}},"30":{"start":{"line":88,"column":4},"end":{"line":91,"column":5}},"31":{"start":{"line":89,"column":24},"end":{"line":89,"column":68}},"32":{"start":{"line":89,"column":47},"end":{"line":89,"column":56}},"33":{"start":{"line":90,"column":6},"end":{"line":90,"column":43}},"34":{"start":{"line":92,"column":4},"end":{"line":92,"column":15}},"35":{"start":{"line":97,"column":17},"end":{"line":97,"column":42}},"36":{"start":{"line":99,"column":2},"end":{"line":101,"column":3}},"37":{"start":{"line":100,"column":4},"end":{"line":100,"column":38}},"38":{"start":{"line":103,"column":2},"end":{"line":103,"column":25}},"39":{"start":{"line":104,"column":2},"end":{"line":104,"column":14}},"40":{"start":{"line":107,"column":0},"end":{"line":114,"column":2}}},"fnMap":{"0":{"name":"listarTodos","decl":{"start":{"line":4,"column":15},"end":{"line":4,"column":26}},"loc":{"start":{"line":4,"column":40},"end":{"line":35,"column":1}},"line":4},"1":{"name":"listarFuturos","decl":{"start":{"line":37,"column":15},"end":{"line":37,"column":28}},"loc":{"start":{"line":37,"column":31},"end":{"line":51,"column":1}},"line":37},"2":{"name":"buscarPorId","decl":{"start":{"line":53,"column":15},"end":{"line":53,"column":26}},"loc":{"start":{"line":53,"column":31},"end":{"line":61,"column":1}},"line":53},"3":{"name":"criar","decl":{"start":{"line":63,"column":15},"end":{"line":63,"column":20}},"loc":{"start":{"line":63,"column":28},"end":{"line":75,"column":1}},"line":63},"4":{"name":"(anonymous_4)","decl":{"start":{"line":70,"column":40},"end":{"line":70,"column":41}},"loc":{"start":{"line":70,"column":47},"end":{"line":70,"column":56}},"line":70},"5":{"name":"atualizar","decl":{"start":{"line":77,"column":15},"end":{"line":77,"column":24}},"loc":{"start":{"line":77,"column":36},"end":{"line":94,"column":1}},"line":77},"6":{"name":"(anonymous_6)","decl":{"start":{"line":89,"column":40},"end":{"line":89,"column":41}},"loc":{"start":{"line":89,"column":47},"end":{"line":89,"column":56}},"line":89},"7":{"name":"deletar","decl":{"start":{"line":96,"column":15},"end":{"line":96,"column":22}},"loc":{"start":{"line":96,"column":27},"end":{"line":105,"column":1}},"line":96}},"branchMap":{"0":{"loc":{"start":{"line":4,"column":27},"end":{"line":4,"column":38}},"type":"default-arg","locations":[{"start":{"line":4,"column":36},"end":{"line":4,"column":38}}],"line":4},"1":{"loc":{"start":{"line":6,"column":4},"end":{"line":6,"column":14}},"type":"default-arg","locations":[{"start":{"line":6,"column":13},"end":{"line":6,"column":14}}],"line":6},"2":{"loc":{"start":{"line":7,"column":4},"end":{"line":7,"column":18}},"type":"default-arg","locations":[{"start":{"line":7,"column":16},"end":{"line":7,"column":18}}],"line":7},"3":{"loc":{"start":{"line":8,"column":4},"end":{"line":8,"column":23}},"type":"default-arg","locations":[{"start":{"line":8,"column":17},"end":{"line":8,"column":23}}],"line":8},"4":{"loc":{"start":{"line":9,"column":4},"end":{"line":9,"column":17}},"type":"default-arg","locations":[{"start":{"line":9,"column":12},"end":{"line":9,"column":17}}],"line":9},"5":{"loc":{"start":{"line":10,"column":4},"end":{"line":10,"column":16}},"type":"default-arg","locations":[{"start":{"line":10,"column":12},"end":{"line":10,"column":16}}],"line":10},"6":{"loc":{"start":{"line":15,"column":2},"end":{"line":18,"column":3}},"type":"if","locations":[{"start":{"line":15,"column":2},"end":{"line":18,"column":3}},{"start":{},"end":{}}],"line":15},"7":{"loc":{"start":{"line":56,"column":2},"end":{"line":58,"column":3}},"type":"if","locations":[{"start":{"line":56,"column":2},"end":{"line":58,"column":3}},{"start":{},"end":{}}],"line":56},"8":{"loc":{"start":{"line":69,"column":4},"end":{"line":72,"column":5}},"type":"if","locations":[{"start":{"line":69,"column":4},"end":{"line":72,"column":5}},{"start":{},"end":{}}],"line":69},"9":{"loc":{"start":{"line":80,"column":2},"end":{"line":82,"column":3}},"type":"if","locations":[{"start":{"line":80,"column":2},"end":{"line":82,"column":3}},{"start":{},"end":{}}],"line":80},"10":{"loc":{"start":{"line":88,"column":4},"end":{"line":91,"column":5}},"type":"if","locations":[{"start":{"line":88,"column":4},"end":{"line":91,"column":5}},{"start":{},"end":{}}],"line":88},"11":{"loc":{"start":{"line":99,"column":2},"end":{"line":101,"column":3}},"type":"if","locations":[{"start":{"line":99,"column":2},"end":{"line":101,"column":3}},{"start":{},"end":{}}],"line":99}},"s":{"0":0,"1":0,"2":0,"3":0,"4":0,"5":0,"6":0,"7":0,"8":0,"9":0,"10":0,"11":0,"12":0,"13":0,"14":0,"15":0,"16":0,"17":0,"18":0,"19":0,"20":0,"21":0,"22":0,"23":0,"24":0,"25":0,"26":0,"27":0,"28":0,"29":0,"30":0,"31":0,"32":0,"33":0,"34":0,"35":0,"36":0,"37":0,"38":0,"39":0,"40":0},"f":{"0":0,"1":0,"2":0,"3":0,"4":0,"5":0,"6":0,"7":0},"b":{"0":[0],"1":[0],"2":[0],"3":[0],"4":[0],"5":[0],"6":[0,0],"7":[0,0],"8":[0,0],"9":[0,0],"10":[0,0],"11":[0,0]}}
,"D:\\2DEV - Vini\\TSOF - 2026\\notificacoes-api-w\\notificacoes-api-w\\src\\services\\InscricaoService.js": {"path":"D:\\2DEV - Vini\\TSOF - 2026\\notificacoes-api-w\\notificacoes-api-w\\src\\services\\InscricaoService.js","statementMap":{"0":{"start":{"line":2,"column":44},"end":{"line":2,"column":64}},"1":{"start":{"line":3,"column":43},"end":{"line":3,"column":72}},"2":{"start":{"line":4,"column":19},"end":{"line":4,"column":52}},"3":{"start":{"line":7,"column":39},"end":{"line":7,"column":44}},"4":{"start":{"line":10,"column":17},"end":{"line":10,"column":48}},"5":{"start":{"line":11,"column":2},"end":{"line":11,"column":49}},"6":{"start":{"line":11,"column":15},"end":{"line":11,"column":49}},"7":{"start":{"line":14,"column":23},"end":{"line":14,"column":66}},"8":{"start":{"line":15,"column":2},"end":{"line":15,"column":61}},"9":{"start":{"line":15,"column":21},"end":{"line":15,"column":61}},"10":{"start":{"line":18,"column":21},"end":{"line":20,"column":4}},"11":{"start":{"line":21,"column":2},"end":{"line":22,"column":71}},"12":{"start":{"line":22,"column":4},"end":{"line":22,"column":71}},"13":{"start":{"line":25,"column":24},"end":{"line":28,"column":4}},"14":{"start":{"line":31,"column":2},"end":{"line":31,"column":53}},"15":{"start":{"line":33,"column":2},"end":{"line":33,"column":23}},"16":{"start":{"line":38,"column":21},"end":{"line":48,"column":4}},"17":{"start":{"line":49,"column":2},"end":{"line":49,"column":20}},"18":{"start":{"line":56,"column":17},"end":{"line":56,"column":48}},"19":{"start":{"line":57,"column":2},"end":{"line":57,"column":49}},"20":{"start":{"line":57,"column":15},"end":{"line":57,"column":49}},"21":{"start":{"line":59,"column":21},"end":{"line":69,"column":4}},"22":{"start":{"line":70,"column":2},"end":{"line":70,"column":20}},"23":{"start":{"line":76,"column":20},"end":{"line":76,"column":48}},"24":{"start":{"line":77,"column":2},"end":{"line":77,"column":55}},"25":{"start":{"line":77,"column":18},"end":{"line":77,"column":55}},"26":{"start":{"line":79,"column":2},"end":{"line":79,"column":50}},"27":{"start":{"line":82,"column":2},"end":{"line":82,"column":52}},"28":{"start":{"line":84,"column":2},"end":{"line":84,"column":19}},"29":{"start":{"line":87,"column":0},"end":{"line":87,"column":67}}},"fnMap":{"0":{"name":"criar","decl":{"start":{"line":6,"column":15},"end":{"line":6,"column":20}},"loc":{"start":{"line":6,"column":28},"end":{"line":34,"column":1}},"line":6},"1":{"name":"listarTodas","decl":{"start":{"line":36,"column":15},"end":{"line":36,"column":26}},"loc":{"start":{"line":36,"column":29},"end":{"line":50,"column":1}},"line":36},"2":{"name":"listarPorEvento","decl":{"start":{"line":52,"column":15},"end":{"line":52,"column":30}},"loc":{"start":{"line":52,"column":41},"end":{"line":71,"column":1}},"line":52},"3":{"name":"cancelar","decl":{"start":{"line":73,"column":15},"end":{"line":73,"column":23}},"loc":{"start":{"line":73,"column":28},"end":{"line":85,"column":1}},"line":73}},"branchMap":{"0":{"loc":{"start":{"line":11,"column":2},"end":{"line":11,"column":49}},"type":"if","locations":[{"start":{"line":11,"column":2},"end":{"line":11,"column":49}},{"start":{},"end":{}}],"line":11},"1":{"loc":{"start":{"line":15,"column":2},"end":{"line":15,"column":61}},"type":"if","locations":[{"start":{"line":15,"column":2},"end":{"line":15,"column":61}},{"start":{},"end":{}}],"line":15},"2":{"loc":{"start":{"line":21,"column":2},"end":{"line":22,"column":71}},"type":"if","locations":[{"start":{"line":21,"column":2},"end":{"line":22,"column":71}},{"start":{},"end":{}}],"line":21},"3":{"loc":{"start":{"line":57,"column":2},"end":{"line":57,"column":49}},"type":"if","locations":[{"start":{"line":57,"column":2},"end":{"line":57,"column":49}},{"start":{},"end":{}}],"line":57},"4":{"loc":{"start":{"line":77,"column":2},"end":{"line":77,"column":55}},"type":"if","locations":[{"start":{"line":77,"column":2},"end":{"line":77,"column":55}},{"start":{},"end":{}}],"line":77}},"s":{"0":0,"1":0,"2":0,"3":0,"4":0,"5":0,"6":0,"7":0,"8":0,"9":0,"10":0,"11":0,"12":0,"13":0,"14":0,"15":0,"16":0,"17":0,"18":0,"19":0,"20":0,"21":0,"22":0,"23":0,"24":0,"25":0,"26":0,"27":0,"28":0,"29":0},"f":{"0":0,"1":0,"2":0,"3":0},"b":{"0":[0,0],"1":[0,0],"2":[0,0],"3":[0,0],"4":[0,0]}}
,"D:\\2DEV - Vini\\TSOF - 2026\\notificacoes-api-w\\notificacoes-api-w\\src\\services\\NotificacaoService.js": {"path":"D:\\2DEV - Vini\\TSOF - 2026\\notificacoes-api-w\\notificacoes-api-w\\src\\services\\NotificacaoService.js","statementMap":{"0":{"start":{"line":2,"column":57},"end":{"line":2,"column":77}},"1":{"start":{"line":3,"column":21},"end":{"line":3,"column":46}},"2":{"start":{"line":4,"column":43},"end":{"line":4,"column":72}},"3":{"start":{"line":5,"column":29},"end":{"line":5,"column":79}},"4":{"start":{"line":8,"column":16},"end":{"line":8,"column":18}},"5":{"start":{"line":11,"column":2},"end":{"line":13,"column":3}},"6":{"start":{"line":12,"column":4},"end":{"line":12,"column":30}},"7":{"start":{"line":16,"column":2},"end":{"line":18,"column":3}},"8":{"start":{"line":17,"column":4},"end":{"line":17,"column":47}},"9":{"start":{"line":20,"column":23},"end":{"line":37,"column":4}},"10":{"start":{"line":39,"column":2},"end":{"line":39,"column":22}},"11":{"start":{"line":43,"column":22},"end":{"line":54,"column":4}},"12":{"start":{"line":56,"column":2},"end":{"line":56,"column":59}},"13":{"start":{"line":56,"column":20},"end":{"line":56,"column":59}},"14":{"start":{"line":57,"column":2},"end":{"line":57,"column":21}},"15":{"start":{"line":61,"column":22},"end":{"line":61,"column":43}},"16":{"start":{"line":65,"column":15},"end":{"line":65,"column":35}},"17":{"start":{"line":66,"column":20},"end":{"line":70,"column":3}},"18":{"start":{"line":73,"column":2},"end":{"line":76,"column":5}},"19":{"start":{"line":78,"column":2},"end":{"line":81,"column":4}},"20":{"start":{"line":85,"column":16},"end":{"line":85,"column":41}},"21":{"start":{"line":86,"column":19},"end":{"line":86,"column":72}},"22":{"start":{"line":87,"column":20},"end":{"line":87,"column":74}},"23":{"start":{"line":89,"column":18},"end":{"line":99,"column":4}},"24":{"start":{"line":101,"column":2},"end":{"line":107,"column":4}},"25":{"start":{"line":110,"column":0},"end":{"line":115,"column":2}}},"fnMap":{"0":{"name":"listarTodas","decl":{"start":{"line":7,"column":15},"end":{"line":7,"column":26}},"loc":{"start":{"line":7,"column":41},"end":{"line":40,"column":1}},"line":7},"1":{"name":"buscarPorId","decl":{"start":{"line":42,"column":15},"end":{"line":42,"column":26}},"loc":{"start":{"line":42,"column":31},"end":{"line":58,"column":1}},"line":42},"2":{"name":"reenviar","decl":{"start":{"line":60,"column":15},"end":{"line":60,"column":23}},"loc":{"start":{"line":60,"column":28},"end":{"line":82,"column":1}},"line":60},"3":{"name":"obterEstatisticas","decl":{"start":{"line":84,"column":15},"end":{"line":84,"column":32}},"loc":{"start":{"line":84,"column":35},"end":{"line":108,"column":1}},"line":84}},"branchMap":{"0":{"loc":{"start":{"line":7,"column":27},"end":{"line":7,"column":39}},"type":"default-arg","locations":[{"start":{"line":7,"column":37},"end":{"line":7,"column":39}}],"line":7},"1":{"loc":{"start":{"line":11,"column":2},"end":{"line":13,"column":3}},"type":"if","locations":[{"start":{"line":11,"column":2},"end":{"line":13,"column":3}},{"start":{},"end":{}}],"line":11},"2":{"loc":{"start":{"line":16,"column":2},"end":{"line":18,"column":3}},"type":"if","locations":[{"start":{"line":16,"column":2},"end":{"line":18,"column":3}},{"start":{},"end":{}}],"line":16},"3":{"loc":{"start":{"line":56,"column":2},"end":{"line":56,"column":59}},"type":"if","locations":[{"start":{"line":56,"column":2},"end":{"line":56,"column":59}},{"start":{},"end":{}}],"line":56},"4":{"loc":{"start":{"line":105,"column":15},"end":{"line":105,"column":76}},"type":"cond-expr","locations":[{"start":{"line":105,"column":27},"end":{"line":105,"column":69}},{"start":{"line":105,"column":72},"end":{"line":105,"column":76}}],"line":105}},"s":{"0":0,"1":0,"2":0,"3":0,"4":0,"5":0,"6":0,"7":0,"8":0,"9":0,"10":0,"11":0,"12":0,"13":0,"14":0,"15":0,"16":0,"17":0,"18":0,"19":0,"20":0,"21":0,"22":0,"23":0,"24":0,"25":0},"f":{"0":0,"1":0,"2":0,"3":0},"b":{"0":[0],"1":[0,0],"2":[0,0],"3":[0,0],"4":[0,0]}}
,"D:\\2DEV - Vini\\TSOF - 2026\\notificacoes-api-w\\notificacoes-api-w\\src\\services\\ParticipanteService.js": {"path":"D:\\2DEV - Vini\\TSOF - 2026\\notificacoes-api-w\\notificacoes-api-w\\src\\services\\ParticipanteService.js","statementMap":{"0":{"start":{"line":2,"column":25},"end":{"line":2,"column":45}},"1":{"start":{"line":3,"column":26},"end":{"line":3,"column":55}},"2":{"start":{"line":8,"column":24},"end":{"line":10,"column":4}},"3":{"start":{"line":11,"column":2},"end":{"line":11,"column":23}},"4":{"start":{"line":15,"column":23},"end":{"line":15,"column":54}},"5":{"start":{"line":17,"column":2},"end":{"line":19,"column":3}},"6":{"start":{"line":18,"column":4},"end":{"line":18,"column":44}},"7":{"start":{"line":21,"column":2},"end":{"line":21,"column":22}},"8":{"start":{"line":26,"column":2},"end":{"line":31,"column":3}},"9":{"start":{"line":27,"column":29},"end":{"line":27,"column":61}},"10":{"start":{"line":28,"column":4},"end":{"line":28,"column":28}},"11":{"start":{"line":30,"column":4},"end":{"line":30,"column":15}},"12":{"start":{"line":42,"column":0},"end":{"line":42,"column":73}}},"fnMap":{"0":{"name":"listarTodos","decl":{"start":{"line":5,"column":15},"end":{"line":5,"column":26}},"loc":{"start":{"line":5,"column":29},"end":{"line":12,"column":1}},"line":5},"1":{"name":"buscarPorId","decl":{"start":{"line":14,"column":15},"end":{"line":14,"column":26}},"loc":{"start":{"line":14,"column":31},"end":{"line":22,"column":1}},"line":14},"2":{"name":"criar","decl":{"start":{"line":24,"column":15},"end":{"line":24,"column":20}},"loc":{"start":{"line":24,"column":28},"end":{"line":32,"column":1}},"line":24},"3":{"name":"atualizar","decl":{"start":{"line":34,"column":15},"end":{"line":34,"column":24}},"loc":{"start":{"line":34,"column":36},"end":{"line":36,"column":1}},"line":34},"4":{"name":"deletar","decl":{"start":{"line":38,"column":15},"end":{"line":38,"column":22}},"loc":{"start":{"line":38,"column":27},"end":{"line":40,"column":1}},"line":38}},"branchMap":{"0":{"loc":{"start":{"line":17,"column":2},"end":{"line":19,"column":3}},"type":"if","locations":[{"start":{"line":17,"column":2},"end":{"line":19,"column":3}},{"start":{},"end":{}}],"line":17}},"s":{"0":0,"1":0,"2":0,"3":0,"4":0,"5":0,"6":0,"7":0,"8":0,"9":0,"10":0,"11":0,"12":0},"f":{"0":0,"1":0,"2":0,"3":0,"4":0},"b":{"0":[0,0]}}
}
