TN:
SF:src\errors\AppError.js
FN:4,(anonymous_0)
FN:12,(anonymous_1)
FN:19,(anonymous_2)
FN:26,(anonymous_3)
FNF:4
FNH:2
FNDA:1,(anonymous_0)
FNDA:0,(anonymous_1)
FNDA:1,(anonymous_2)
FNDA:0,(anonymous_3)
DA:5,1
DA:6,1
DA:7,1
DA:13,0
DA:14,0
DA:20,1
DA:21,1
DA:27,0
DA:28,0
DA:32,1
LF:10
LH:6
BRDA:12,0,0,0
BRDA:26,1,0,0
BRF:2
BRH:0
end_of_record
TN:
SF:src\helpers\parseId.js
FN:4,parseId
FNF:1
FNH:1
FNDA:2,parseId
DA:2,1
DA:5,2
DA:6,2
DA:7,1
DA:9,1
DA:12,1
LF:6
LH:6
BRDA:6,0,0,1
BRDA:6,0,1,1
BRF:2
BRH:2
end_of_record
TN:
SF:src\helpers\validators.js
FN:6,isRequired
FN:19,isEmail
FN:31,isPositiveInteger
FN:42,minLength
FN:53,validar
FN:54,(anonymous_5)
FNF:6
FNH:2
FNDA:0,isRequired
FNDA:2,isEmail
FNDA:0,isPositiveInteger
FNDA:1,minLength
FNDA:0,validar
FNDA:0,(anonymous_5)
DA:7,0
DA:8,0
DA:10,0
DA:11,0
DA:13,0
DA:20,2
DA:21,2
DA:22,2
DA:23,1
DA:25,1
DA:32,0
DA:33,0
DA:34,0
DA:36,0
DA:43,1
DA:44,1
DA:45,0
DA:47,1
DA:54,0
DA:55,0
DA:58,1
LF:21
LH:9
BRDA:7,0,0,0
BRDA:7,0,1,0
BRDA:7,1,0,0
BRDA:7,1,1,0
BRDA:10,2,0,0
BRDA:10,2,1,0
BRDA:10,3,0,0
BRDA:10,3,1,0
BRDA:20,4,0,0
BRDA:20,4,1,2
BRDA:22,5,0,1
BRDA:22,5,1,1
BRDA:32,6,0,0
BRDA:32,6,1,0
BRDA:32,7,0,0
BRDA:32,7,1,0
BRDA:33,8,0,0
BRDA:33,8,1,0
BRDA:33,9,0,0
BRDA:33,9,1,0
BRDA:43,10,0,0
BRDA:43,10,1,1
BRDA:44,11,0,0
BRDA:44,11,1,1
BRDA:44,12,0,1
BRDA:44,12,1,1
BRDA:55,13,0,0
BRDA:55,13,1,0
BRF:28
BRH:7
end_of_record
TN:
SF:src\services\AuthService.js
FN:6,registrar
FN:21,login
FNF:2
FNH:0
FNDA:0,registrar
FNDA:0,login
DA:1,0
DA:2,0
DA:3,0
DA:4,0
DA:7,0
DA:9,0
DA:10,0
DA:13,0
DA:15,0
DA:18,0
DA:22,0
DA:25,0
DA:27,0
DA:28,0
DA:30,0
DA:36,0
DA:42,0
LF:17
LH:0
BRDA:9,0,0,0
BRDA:9,0,1,0
BRDA:9,1,0,0
BRDA:9,1,1,0
BRDA:25,2,0,0
BRDA:25,2,1,0
BRDA:28,3,0,0
BRDA:28,3,1,0
BRDA:33,4,0,0
BRDA:33,4,1,0
BRF:10
BRH:0
end_of_record
TN:
SF:src\services\EmailService.js
FN:12,inicializar
FN:33,enviar
FNF:2
FNH:0
FNDA:0,inicializar
FNDA:0,enviar
DA:2,0
DA:4,0
DA:7,0
DA:8,0
DA:10,0
DA:13,0
DA:21,0
DA:22,0
DA:23,0
DA:24,0
DA:25,0
DA:26,0
DA:28,0
DA:29,0
DA:34,0
DA:35,0
DA:38,0
DA:45,0
DA:46,0
DA:48,0
DA:54,0
LF:21
LH:0
BRDA:34,0,0,0
BRDA:34,0,1,0
BRF:2
BRH:0
end_of_record
TN:
SF:src\services\EventoService.js
FN:4,listarTodos
FN:37,listarFuturos
FN:53,buscarPorId
FN:63,criar
FN:70,(anonymous_4)
FN:77,atualizar
FN:89,(anonymous_6)
FN:96,deletar
FNF:8
FNH:0
FNDA:0,listarTodos
FNDA:0,listarFuturos
FNDA:0,buscarPorId
FNDA:0,criar
FNDA:0,(anonymous_4)
FNDA:0,atualizar
FNDA:0,(anonymous_6)
FNDA:0,deletar
DA:1,0
DA:2,0
DA:11,0
DA:14,0
DA:15,0
DA:16,0
DA:17,0
DA:21,0
DA:28,0
DA:38,0
DA:40,0
DA:50,0
DA:54,0
DA:56,0
DA:57,0
DA:60,0
DA:64,0
DA:65,0
DA:66,0
DA:69,0
DA:70,0
DA:71,0
DA:73,0
DA:78,0
DA:80,0
DA:81,0
DA:84,0
DA:85,0
DA:86,0
DA:88,0
DA:89,0
DA:90,0
DA:92,0
DA:97,0
DA:99,0
DA:100,0
DA:103,0
DA:104,0
DA:107,0
LF:39
LH:0
BRDA:4,0,0,0
BRDA:6,1,0,0
BRDA:7,2,0,0
BRDA:8,3,0,0
BRDA:9,4,0,0
BRDA:10,5,0,0
BRDA:15,6,0,0
BRDA:15,6,1,0
BRDA:56,7,0,0
BRDA:56,7,1,0
BRDA:69,8,0,0
BRDA:69,8,1,0
BRDA:80,9,0,0
BRDA:80,9,1,0
BRDA:88,10,0,0
BRDA:88,10,1,0
BRDA:99,11,0,0
BRDA:99,11,1,0
BRF:18
BRH:0
end_of_record
TN:
SF:src\services\InscricaoService.js
FN:6,criar
FN:36,listarTodas
FN:52,listarPorEvento
FN:73,cancelar
FNF:4
FNH:0
FNDA:0,criar
FNDA:0,listarTodas
FNDA:0,listarPorEvento
FNDA:0,cancelar
DA:2,0
DA:3,0
DA:4,0
DA:7,0
DA:10,0
DA:11,0
DA:14,0
DA:15,0
DA:18,0
DA:21,0
DA:22,0
DA:25,0
DA:31,0
DA:33,0
DA:38,0
DA:49,0
DA:56,0
DA:57,0
DA:59,0
DA:70,0
DA:76,0
DA:77,0
DA:79,0
DA:82,0
DA:84,0
DA:87,0
LF:26
LH:0
BRDA:11,0,0,0
BRDA:11,0,1,0
BRDA:15,1,0,0
BRDA:15,1,1,0
BRDA:21,2,0,0
BRDA:21,2,1,0
BRDA:57,3,0,0
BRDA:57,3,1,0
BRDA:77,4,0,0
BRDA:77,4,1,0
BRF:10
BRH:0
end_of_record
TN:
SF:src\services\NotificacaoService.js
FN:7,listarTodas
FN:42,buscarPorId
FN:60,reenviar
FN:84,obterEstatisticas
FNF:4
FNH:0
FNDA:0,listarTodas
FNDA:0,buscarPorId
FNDA:0,reenviar
FNDA:0,obterEstatisticas
DA:2,0
DA:3,0
DA:4,0
DA:5,0
DA:8,0
DA:11,0
DA:12,0
DA:16,0
DA:17,0
DA:20,0
DA:39,0
DA:43,0
DA:56,0
DA:57,0
DA:61,0
DA:65,0
DA:66,0
DA:73,0
DA:78,0
DA:85,0
DA:86,0
DA:87,0
DA:89,0
DA:101,0
DA:110,0
LF:25
LH:0
BRDA:7,0,0,0
BRDA:11,1,0,0
BRDA:11,1,1,0
BRDA:16,2,0,0
BRDA:16,2,1,0
BRDA:56,3,0,0
BRDA:56,3,1,0
BRDA:105,4,0,0
BRDA:105,4,1,0
BRF:9
BRH:0
end_of_record
TN:
SF:src\services\ParticipanteService.js
FN:5,listarTodos
FN:14,buscarPorId
FN:24,criar
FN:34,atualizar
FN:38,deletar
FNF:5
FNH:0
FNDA:0,listarTodos
FNDA:0,buscarPorId
FNDA:0,criar
FNDA:0,atualizar
FNDA:0,deletar
DA:2,0
DA:3,0
DA:8,0
DA:11,0
DA:15,0
DA:17,0
DA:18,0
DA:21,0
DA:26,0
DA:27,0
DA:28,0
DA:30,0
DA:42,0
LF:13
LH:0
BRDA:17,0,0,0
BRDA:17,0,1,0
BRF:2
BRH:0
end_of_record
